Using pre-set license
Built from '2021.1/staging' branch; Version is '2021.1.17f1 (03b40fe07a36) revision 242703'; Using compiler version '192528614'; Build Type 'Release'
OS: 'Windows 10 Home Single Language; OS build 22000.795; Version 2009; 64bit' Language: 'en' Physical Memory: 6082 MB
BatchMode: 1, IsHumanControllingUs: 0, StartBugReporterOnCrash: 0, Is64bit: 1, IsPro: 0

 COMMAND LINE ARGUMENTS:
D:\Program Files\Unity 2021.1.17f1\Editor\Unity.exe
-adb2
-batchMode
-noUpm
-name
AssetImportWorker4
-projectPath
D:/Projects/tower defence
-logFile
Logs/AssetImportWorker4.log
-srvPort
54977
Successfully changed project path to: D:/Projects/tower defence
D:/Projects/tower defence
Using Asset Import Pipeline V2.
Refreshing native plugins compatible for Editor in 492.95 ms, found 3 plugins.
Preloading 0 native plugins for Editor in 0.00 ms.
Initialize engine version: 2021.1.17f1 (03b40fe07a36)
[Subsystems] Discovering subsystems at path D:/Program Files/Unity 2021.1.17f1/Editor/Data/Resources/UnitySubsystems
[Subsystems] Discovering subsystems at path D:/Projects/tower defence/Assets
GfxDevice: creating device client; threaded=0; jobified=0
Direct3D:
    Version:  Direct3D 11.0 [level 11.1]
    Renderer: Radeon RX 560X Series (ID=0x67ef)
    Vendor:   ATI
    VRAM:     4076 MB
    Driver:   30.0.13023.4001
Initialize mono
Mono path[0] = 'D:/Program Files/Unity 2021.1.17f1/Editor/Data/Managed'
Mono path[1] = 'D:/Program Files/Unity 2021.1.17f1/Editor/Data/MonoBleedingEdge/lib/mono/unityjit'
Mono config path = 'D:/Program Files/Unity 2021.1.17f1/Editor/Data/MonoBleedingEdge/etc'
Using monoOptions --debugger-agent=transport=dt_socket,embedding=1,server=y,suspend=n,address=127.0.0.1:56688
Begin MonoManager ReloadAssembly
